<?xml version="1.0" encoding="UTF-8"?>
<!-- Generated by org.testng.reporters.JUnitXMLReporter -->
<testsuite ignored="0" hostname="BINTERNS-QA30L" failures="0" tests="14" name="Default test" time="93.33" errors="0" timestamp="2023-05-22T16:01:07 IST">
  <testcase classname="testfile.realmeproj" name="AccessoriesandLifestyle" time="0.235"/>
  <testcase classname="testfile.realmeproj" name="Searchicon" time="7.214"/>
  <testcase classname="testfile.realmeproj" name="realmewatch3pro" time="7.517"/>
  <testcase classname="testfile.realmeproj" name="realmewatch3" time="7.129"/>
  <testcase classname="testfile.realmeproj" name="Black" time="4.08"/>
  <testcase classname="testfile.realmeproj" name="pincode" time="4.127"/>
  <testcase classname="testfile.realmeproj" name="Accept" time="4.077"/>
  <testcase classname="testfile.realmeproj" name="Notify_Me" time="4.097"/>
  <testcase classname="testfile.realmeproj" name="phonenumber" time="11.587"/>
  <testcase classname="testfile.realmeproj" name="passward" time="5.122"/>
  <testcase classname="testfile.realmeproj" name="Signinpassword" time="20.109"/>
  <testcase classname="testfile.realmeproj" name="CART" time="6.123"/>
  <testcase classname="testfile.realmeproj" name="RealMeNarzo" time="11.754"/>
  <testcase classname="testfile.realmeproj" name="AddCartNajro" time="0.107"/>
</testsuite> <!-- Default test -->
