<?xml version="1.0" encoding="UTF-8"?>
<!-- Generated by org.testng.reporters.JUnitXMLReporter -->
<testsuite ignored="0" hostname="BINTERNS-QA30L" failures="0" tests="10" name="Test" time="101.514" errors="0" timestamp="2023-05-16T18:20:00 IST">
  <testcase classname="testfile.addtocartrealme" name="Brand" time="10.117"/>
  <testcase classname="testfile.addtocartrealme" name="App" time="10.078"/>
  <testcase classname="testfile.addtocartrealme" name="Bulkorders" time="10.093"/>
  <testcase classname="testfile.addtocartrealme" name="Community" time="10.094"/>
  <testcase classname="testfile.addtocartrealme" name="Support" time="10.11"/>
  <testcase classname="testfile.addtocartrealme" name="realmestores" time="10.154"/>
  <testcase classname="testfile.addtocartrealme" name="realmeow" time="10.09"/>
  <testcase classname="testfile.addtocartrealme" name="UI4" time="10.103"/>
  <testcase classname="testfile.addtocartrealme" name="G4" time="10.123"/>
  <testcase classname="testfile.addtocartrealme" name="realmesmartphones" time="10.268"/>
</testsuite> <!-- Test -->
