<?xml version="1.0" encoding="UTF-8"?>
<!-- Generated by org.testng.reporters.JUnitXMLReporter -->
<testsuite ignored="0" hostname="BINTERNS-QA30L" failures="0" tests="10" name="Test" time="101.321" errors="0" timestamp="2023-05-16T18:22:13 IST">
  <testcase classname="testfile.addtocartrealme" name="Brand" time="10.099"/>
  <testcase classname="testfile.addtocartrealme" name="App" time="10.099"/>
  <testcase classname="testfile.addtocartrealme" name="Bulkorders" time="10.084"/>
  <testcase classname="testfile.addtocartrealme" name="Community" time="10.092"/>
  <testcase classname="testfile.addtocartrealme" name="Support" time="10.073"/>
  <testcase classname="testfile.addtocartrealme" name="realmestores" time="10.085"/>
  <testcase classname="testfile.addtocartrealme" name="realmeow" time="10.076"/>
  <testcase classname="testfile.addtocartrealme" name="UI4" time="10.099"/>
  <testcase classname="testfile.addtocartrealme" name="G4" time="10.102"/>
  <testcase classname="testfile.addtocartrealme" name="realmesmartphones" time="10.252"/>
</testsuite> <!-- Test -->
